2026-01-28T07:11:33+01:00 INPUT: array (
  'match_id' => 1,
  'first_technique' => 'メ',
  'second_technique' => 'コ',
  'third_technique' => 'メ',
  'first_winner' => 'A',
  'second_winner' => '',
  'third_winner' => 'B',
  'final_winner' => '',
  'judgement' => '一本勝',
  'started_at' => '2025-12-25 09:00:00',
  'ended_at' => '2025-12-25 09:05:00',
)
2026-01-29T04:04:45+01:00 INPUT: array (
  'match_id' => 2,
  'first_technique' => 'ド',
  'second_technique' => '反',
  'third_technique' => 'ド',
  'first_winner' => 'white',
  'second_winner' => 'white',
  'third_winner' => 'red',
  'final_winner' => '',
  'judgement' => '一本勝',
  'started_at' => '2025-12-25 09:05:00',
  'ended_at' => '2025-12-25 09:10:00',
)
2026-01-29T04:07:14+01:00 INPUT: array (
  'match_id' => 2,
  'first_technique' => 'ド',
  'second_technique' => '反',
  'third_technique' => 'ド',
  'first_winner' => 'white',
  'second_winner' => 'white',
  'third_winner' => 'red',
  'final_winner' => '',
  'judgement' => '一本勝',
  'started_at' => '2025-12-25 09:05:00',
  'ended_at' => '2025-12-25 09:10:00',
)
2026-01-29T04:09:03+01:00 INPUT: array (
  'match_id' => 2,
  'first_technique' => 'ド',
  'second_technique' => '反',
  'third_technique' => 'ド',
  'first_winner' => 'white',
  'second_winner' => 'white',
  'third_winner' => 'red',
  'final_winner' => '',
  'judgement' => '一本勝',
  'started_at' => '2025-12-25 09:05:00',
  'ended_at' => '2025-12-25 09:10:00',
)
